<?xml version="1.0" encoding="UTF-8"?>
<!-- Generated by org.testng.reporters.JUnitXMLReporter -->
<testsuite ignored="0" hostname="PRO11-DSK1-0006" failures="0" tests="3" name="Default test" time="56.988" errors="0" timestamp="2026-05-25T17:42:48 IST">
  <testcase classname="tests.NewInvestment" name="loginTest" time="9.801"/>
  <testcase classname="tests.NewInvestment" name="productFlowTest" time="5.741"/>
  <testcase classname="tests.NewInvestment" name="investFlowTest" time="28.939"/>
</testsuite> <!-- Default test -->
