<?xml version="1.0" encoding="UTF-8"?>
<testng-results ignored="0" total="3" passed="3" failed="0" skipped="0">
  <reporter-output>
  </reporter-output>
  <suite started-at="2026-02-05T17:58:16 IST" name="Default suite" finished-at="2026-02-05T17:59:37 IST" duration-ms="80932">
    <groups>
    </groups>
    <test started-at="2026-02-05T17:58:16 IST" name="Default test" finished-at="2026-02-05T17:59:37 IST" duration-ms="80932">
      <class name="tests.LoginTest">
        <test-method is-config="true" signature="cleanOldScreenshots()[pri:0, instance:tests.LoginTest@38e79ae3]" started-at="2026-02-05T17:58:10 IST" name="cleanOldScreenshots" finished-at="2026-02-05T17:58:16 IST" duration-ms="6131" status="PASS">
          <reporter-output>
          </reporter-output>
        </test-method> <!-- cleanOldScreenshots -->
        <test-method is-config="true" signature="setUp()[pri:0, instance:tests.LoginTest@38e79ae3]" started-at="2026-02-05T17:58:16 IST" name="setUp" finished-at="2026-02-05T17:58:29 IST" duration-ms="12796" status="PASS">
          <reporter-output>
          </reporter-output>
        </test-method> <!-- setUp -->
        <test-method is-config="true" signature="initPages()[pri:0, instance:tests.LoginTest@38e79ae3]" started-at="2026-02-05T17:58:29 IST" name="initPages" finished-at="2026-02-05T17:58:29 IST" duration-ms="88" status="PASS">
          <reporter-output>
          </reporter-output>
        </test-method> <!-- initPages -->
        <test-method signature="loginTest()[pri:1, instance:tests.LoginTest@38e79ae3]" started-at="2026-02-05T17:58:29 IST" name="loginTest" finished-at="2026-02-05T17:58:37 IST" duration-ms="7533" status="PASS">
          <reporter-output>
          </reporter-output>
        </test-method> <!-- loginTest -->
        <test-method is-config="true" signature="captureFailureScreenshot(org.testng.ITestResult)[pri:0, instance:tests.LoginTest@38e79ae3]" started-at="2026-02-05T17:58:37 IST" name="captureFailureScreenshot" finished-at="2026-02-05T17:58:37 IST" duration-ms="5" status="PASS">
          <params>
            <param index="0">
              <value>
                <![CDATA[[TestResult name=loginTest status=SUCCESS method=LoginTest.loginTest()[pri:1, instance:tests.LoginTest@38e79ae3] output={null}]]]>
              </value>
            </param>
          </params>
          <reporter-output>
          </reporter-output>
        </test-method> <!-- captureFailureScreenshot -->
        <test-method signature="ProductFlowTest()[pri:2, instance:tests.LoginTest@38e79ae3]" started-at="2026-02-05T17:58:37 IST" name="ProductFlowTest" finished-at="2026-02-05T17:59:03 IST" depends-on-methods="tests.LoginTest.loginTest" duration-ms="26126" status="PASS">
          <reporter-output>
          </reporter-output>
        </test-method> <!-- ProductFlowTest -->
        <test-method is-config="true" signature="captureFailureScreenshot(org.testng.ITestResult)[pri:0, instance:tests.LoginTest@38e79ae3]" started-at="2026-02-05T17:59:03 IST" name="captureFailureScreenshot" finished-at="2026-02-05T17:59:03 IST" duration-ms="0" status="PASS">
          <params>
            <param index="0">
              <value>
                <![CDATA[[TestResult name=ProductFlowTest status=SUCCESS method=LoginTest.ProductFlowTest()[pri:2, instance:tests.LoginTest@38e79ae3] output={null}]]]>
              </value>
            </param>
          </params>
          <reporter-output>
          </reporter-output>
        </test-method> <!-- captureFailureScreenshot -->
        <test-method signature="investFlowTest()[pri:2, instance:tests.LoginTest@38e79ae3]" started-at="2026-02-05T17:59:03 IST" name="investFlowTest" finished-at="2026-02-05T17:59:36 IST" depends-on-methods="tests.LoginTest.ProductFlowTest" duration-ms="33330" status="PASS">
          <reporter-output>
          </reporter-output>
        </test-method> <!-- investFlowTest -->
        <test-method is-config="true" signature="captureFailureScreenshot(org.testng.ITestResult)[pri:0, instance:tests.LoginTest@38e79ae3]" started-at="2026-02-05T17:59:36 IST" name="captureFailureScreenshot" finished-at="2026-02-05T17:59:36 IST" duration-ms="2" status="PASS">
          <params>
            <param index="0">
              <value>
                <![CDATA[[TestResult name=investFlowTest status=SUCCESS method=LoginTest.investFlowTest()[pri:2, instance:tests.LoginTest@38e79ae3] output={null}]]]>
              </value>
            </param>
          </params>
          <reporter-output>
          </reporter-output>
        </test-method> <!-- captureFailureScreenshot -->
        <test-method is-config="true" signature="tearDown()[pri:0, instance:tests.LoginTest@38e79ae3]" started-at="2026-02-05T17:59:36 IST" name="tearDown" finished-at="2026-02-05T17:59:37 IST" duration-ms="927" status="PASS">
          <reporter-output>
          </reporter-output>
        </test-method> <!-- tearDown -->
        <test-method is-config="true" signature="afterSuite()[pri:0, instance:tests.LoginTest@38e79ae3]" started-at="2026-02-05T17:59:38 IST" name="afterSuite" finished-at="2026-02-05T17:59:38 IST" duration-ms="81" status="PASS">
          <reporter-output>
          </reporter-output>
        </test-method> <!-- afterSuite -->
      </class> <!-- tests.LoginTest -->
    </test> <!-- Default test -->
  </suite> <!-- Default suite -->
</testng-results>
