<?xml version="1.0" encoding="UTF-8"?>
<!-- Generated by org.testng.reporters.JUnitReportReporter -->
<testsuite hostname="PRO11-DSK1-0006" failures="0" tests="3" name="tests.LoginTest" time="57.056" errors="0" timestamp="2026-02-10T18:10:23 IST" skipped="0">
  <testcase classname="tests.LoginTest" name="loginTest" time="5.875"/>
  <testcase classname="tests.LoginTest" name="investFlowTest" time="27.050"/>
  <testcase classname="tests.LoginTest" name="ProductFlowTest" time="24.131"/>
</testsuite> <!-- tests.LoginTest -->
