<?xml version="1.0" encoding="UTF-8"?>
<!-- Generated by org.testng.reporters.JUnitReportReporter -->
<testsuite hostname="PRO11-DSK1-0006" failures="0" tests="3" name="tests.LoginTest" time="66.996" errors="0" timestamp="2026-02-05T17:59:39 IST" skipped="0">
  <testcase classname="tests.LoginTest" name="loginTest" time="7.538"/>
  <testcase classname="tests.LoginTest" name="investFlowTest" time="33.332"/>
  <testcase classname="tests.LoginTest" name="ProductFlowTest" time="26.126"/>
</testsuite> <!-- tests.LoginTest -->
